<?xml version="1.0" encoding="UTF-8"?>
<!-- Generated by org.testng.reporters.JUnitXMLReporter -->
<testsuite ignored="0" hostname="Dell-PC" failures="0" tests="4" name="TestQA" time="251.834" errors="0" timestamp="2022-06-08T06:59:02 IST">
  <testcase classname="com.test.classes.VerifyRandDApplication" name="summaryTabTest" time="100.722"/>
  <testcase classname="com.test.classes.VerifyRandDApplication" name="lifecycleInnovationTabTest" time="20.977"/>
  <testcase classname="com.test.classes.VerifyRandDApplication" name="cycleTimes" time="33.712"/>
  <testcase classname="com.test.classes.VerifyRandDApplication" name="successRates" time="31.458"/>
</testsuite> <!-- TestQA -->
