<?xml version="1.0" encoding="UTF-8"?>
<testng-results ignored="0" total="4" passed="4" failed="0" skipped="0">
  <reporter-output>
  </reporter-output>
  <suite started-at="2022-06-08T06:54:50 IST" name="Suite" finished-at="2022-06-08T06:59:02 IST" duration-ms="251834">
    <groups>
    </groups>
    <test started-at="2022-06-08T06:54:50 IST" name="TestQA" finished-at="2022-06-08T06:59:02 IST" duration-ms="251834">
      <class name="com.test.classes.VerifyRandDApplication">
        <test-method is-config="true" signature="beforeSuite()[pri:0, instance:com.test.classes.VerifyRandDApplication@56cdfb3b]" started-at="2022-06-08T06:54:50 IST" name="beforeSuite" finished-at="2022-06-08T06:54:50 IST" duration-ms="21" status="PASS">
          <reporter-output>
          </reporter-output>
        </test-method> <!-- beforeSuite -->
        <test-method is-config="true" signature="launchBrowser(java.lang.String)[pri:0, instance:com.test.classes.VerifyRandDApplication@56cdfb3b]" started-at="2022-06-08T06:54:50 IST" name="launchBrowser" finished-at="2022-06-08T06:55:20 IST" duration-ms="29983" status="PASS">
          <params>
            <param index="0">
              <value>
                <![CDATA[Chrome]]>
              </value>
            </param>
          </params>
          <reporter-output>
          </reporter-output>
        </test-method> <!-- launchBrowser -->
        <test-method is-config="true" signature="initializeObjects()[pri:0, instance:com.test.classes.VerifyRandDApplication@56cdfb3b]" started-at="2022-06-08T06:55:20 IST" name="initializeObjects" finished-at="2022-06-08T06:55:54 IST" duration-ms="34604" status="PASS">
          <reporter-output>
          </reporter-output>
        </test-method> <!-- initializeObjects -->
        <test-method is-config="true" signature="verifywebsite()[pri:0, instance:com.test.classes.VerifyRandDApplication@56cdfb3b]" started-at="2022-06-08T06:55:54 IST" name="verifywebsite" finished-at="2022-06-08T06:55:54 IST" duration-ms="24" status="PASS">
          <reporter-output>
          </reporter-output>
        </test-method> <!-- verifywebsite -->
        <test-method signature="summaryTabTest()[pri:1, instance:com.test.classes.VerifyRandDApplication@56cdfb3b]" started-at="2022-06-08T06:55:54 IST" name="summaryTabTest" finished-at="2022-06-08T06:57:35 IST" duration-ms="100722" status="PASS">
          <reporter-output>
          </reporter-output>
        </test-method> <!-- summaryTabTest -->
        <test-method is-config="true" signature="verifywebsite()[pri:0, instance:com.test.classes.VerifyRandDApplication@56cdfb3b]" started-at="2022-06-08T06:57:35 IST" name="verifywebsite" finished-at="2022-06-08T06:57:35 IST" duration-ms="24" status="PASS">
          <reporter-output>
          </reporter-output>
        </test-method> <!-- verifywebsite -->
        <test-method signature="lifecycleInnovationTabTest()[pri:2, instance:com.test.classes.VerifyRandDApplication@56cdfb3b]" started-at="2022-06-08T06:57:35 IST" name="lifecycleInnovationTabTest" finished-at="2022-06-08T06:57:56 IST" duration-ms="20977" status="PASS">
          <reporter-output>
          </reporter-output>
        </test-method> <!-- lifecycleInnovationTabTest -->
        <test-method is-config="true" signature="verifywebsite()[pri:0, instance:com.test.classes.VerifyRandDApplication@56cdfb3b]" started-at="2022-06-08T06:57:56 IST" name="verifywebsite" finished-at="2022-06-08T06:57:56 IST" duration-ms="15" status="PASS">
          <reporter-output>
          </reporter-output>
        </test-method> <!-- verifywebsite -->
        <test-method signature="cycleTimes()[pri:3, instance:com.test.classes.VerifyRandDApplication@56cdfb3b]" started-at="2022-06-08T06:57:56 IST" name="cycleTimes" finished-at="2022-06-08T06:58:30 IST" duration-ms="33712" status="PASS">
          <reporter-output>
          </reporter-output>
        </test-method> <!-- cycleTimes -->
        <test-method is-config="true" signature="verifywebsite()[pri:0, instance:com.test.classes.VerifyRandDApplication@56cdfb3b]" started-at="2022-06-08T06:58:30 IST" name="verifywebsite" finished-at="2022-06-08T06:58:30 IST" duration-ms="23" status="PASS">
          <reporter-output>
          </reporter-output>
        </test-method> <!-- verifywebsite -->
        <test-method signature="successRates()[pri:4, instance:com.test.classes.VerifyRandDApplication@56cdfb3b]" started-at="2022-06-08T06:58:30 IST" name="successRates" finished-at="2022-06-08T06:59:01 IST" duration-ms="31458" status="PASS">
          <reporter-output>
          </reporter-output>
        </test-method> <!-- successRates -->
        <test-method is-config="true" signature="afterClass()[pri:0, instance:com.test.classes.VerifyRandDApplication@56cdfb3b]" started-at="2022-06-08T06:59:01 IST" name="afterClass" finished-at="2022-06-08T06:59:02 IST" duration-ms="182" status="PASS">
          <reporter-output>
          </reporter-output>
        </test-method> <!-- afterClass -->
      </class> <!-- com.test.classes.VerifyRandDApplication -->
    </test> <!-- TestQA -->
  </suite> <!-- Suite -->
</testng-results>
